 WARNING potential outdated or removed syntax (Can be possibly replaced with 'num_sapient_pops' in v.3.10 (planet, country)): b'\t\t\t\t\t\tnum_pops' in line 341 file z_Cmt123_ForcedEoc_scripted_effects.txt

 WARNING potential outdated or removed syntax (Can be possibly replaced with 'num_sapient_pops' in v.3.10 (planet, country)): b'\t\t\t\t\t\tNOT = { num_pops' in line 347 file z_Cmt123_ForcedEoc_scripted_effects.txt

 WARNING potential outdated or removed syntax (Can be possibly replaced with 'num_sapient_pops' in v.3.10 (planet, country)): b'\t\t\t\t\t\tnum_pops' in line 356 file z_Cmt123_ForcedEoc_scripted_effects.txt

 WARNING potential outdated or removed syntax (Can be possibly replaced with 'num_sapient_pops' in v.3.10 (planet, country)): b'\t\t\t\t\t\tNOT = { num_pops' in line 362 file z_Cmt123_ForcedEoc_scripted_effects.txt

 WARNING potential outdated or removed syntax (Can be possibly replaced with 'num_sapient_pops' in v.3.10 (planet, country)): b'\t\t\t\t\t\tnum_pops' in line 371 file z_Cmt123_ForcedEoc_scripted_effects.txt

 WARNING potential outdated or removed syntax (Can be possibly replaced with 'num_sapient_pops' in v.3.10 (planet, country)): b'\t\t\t\t\t\tNOT = { num_pops' in line 377 file z_Cmt123_ForcedEoc_scripted_effects.txt

 WARNING potential outdated or removed syntax (Can be possibly replaced with 'num_sapient_pops' in v.3.10 (planet, country)): b'\t\t\t\t\t\tnum_pops' in line 386 file z_Cmt123_ForcedEoc_scripted_effects.txt

 WARNING potential outdated or removed syntax (Can be possibly replaced with 'num_sapient_pops' in v.3.10 (planet, country)): b'\t\t\t\t\t\tNOT = { num_pops' in line 392 file z_Cmt123_ForcedEoc_scripted_effects.txt

 WARNING potential outdated or removed syntax (Can be possibly replaced with 'num_sapient_pops' in v.3.10 (planet, country)): b'\t\t\t\t\t\tnum_pops' in line 401 file z_Cmt123_ForcedEoc_scripted_effects.txt

 WARNING potential outdated or removed syntax (Can be possibly replaced with 'num_sapient_pops' in v.3.10 (planet, country)): b'\t\t\t\t\t\tNOT = { num_pops' in line 407 file z_Cmt123_ForcedEoc_scripted_effects.txt

 WARNING potential outdated or removed syntax (Can be possibly replaced with 'num_sapient_pops' in v.3.10 (planet, country)): b'\t\t\t\t\t\tnum_pops' in line 416 file z_Cmt123_ForcedEoc_scripted_effects.txt

 WARNING potential outdated or removed syntax (Can be possibly replaced with 'num_sapient_pops' in v.3.10 (planet, country)): b'\t\t\t\t\t\tNOT = { num_pops' in line 422 file z_Cmt123_ForcedEoc_scripted_effects.txt

 WARNING potential outdated or removed syntax (Can be possibly replaced with 'num_sapient_pops' in v.3.10 (planet, country)): b'\t\t\t\t\t\tnum_pops' in line 431 file z_Cmt123_ForcedEoc_scripted_effects.txt

 WARNING potential outdated or removed syntax (Can be possibly replaced with 'num_sapient_pops' in v.3.10 (planet, country)): b'\t\t\t\t\t\tNOT = { num_pops' in line 437 file z_Cmt123_ForcedEoc_scripted_effects.txt

 WARNING potential outdated or removed syntax (Can be possibly replaced with 'num_sapient_pops' in v.3.10 (planet, country)): b'\t\t\t\t\t\tnum_pops' in line 446 file z_Cmt123_ForcedEoc_scripted_effects.txt

 WARNING potential outdated or removed syntax (Can be possibly replaced with 'num_sapient_pops' in v.3.10 (planet, country)): b'\t\t\t\t\t\tNOT = { num_pops' in line 452 file z_Cmt123_ForcedEoc_scripted_effects.txt

	Updated file: z_Cmt131_CrisisAdmiralty_scripted_effects.txt on b'#####\tof End-Game Crises\t\t\t\t\t\t  #####' (at line 6) with b'##### Of End-Game Crises\t\t\t\t\t\t  #####'

	WRITE FILE: b'C:\\Users\\Max\\Documents\\Paradox Interactive\\Stellaris\\mod\\CrisisManager_EndGame\\common\\scripted_effects\\z_Cmt131_CrisisAdmiralty_scripted_effects.txt'
	Updated file: z_Cmt132a_CrisisCombatFleet_scripted_effects.txt on b'#####\tof End-Game Crises Excluding Armies\t\t\t#####' (at line 6) with b'##### Of End-Game Crises Excluding Armies\t\t\t#####'

	Updated file: z_Cmt132a_CrisisCombatFleet_scripted_effects.txt on b'class = admiral' (at line 26) with b'class = commander'

	Updated file: z_Cmt132a_CrisisCombatFleet_scripted_effects.txt on b'class = admiral' (at line 36) with b'class = commander'

	Updated file: z_Cmt132a_CrisisCombatFleet_scripted_effects.txt on b'class = admiral' (at line 46) with b'class = commander'

	Updated file: z_Cmt132a_CrisisCombatFleet_scripted_effects.txt on b'class = admiral' (at line 56) with b'class = commander'

	Updated file: z_Cmt132a_CrisisCombatFleet_scripted_effects.txt on b'class = admiral' (at line 66) with b'class = commander'

	Updated file: z_Cmt132a_CrisisCombatFleet_scripted_effects.txt on b'class = admiral' (at line 76) with b'class = commander'

	Updated file: z_Cmt132a_CrisisCombatFleet_scripted_effects.txt on b'class = admiral' (at line 86) with b'class = commander'

	Updated file: z_Cmt132a_CrisisCombatFleet_scripted_effects.txt on b'class = admiral' (at line 96) with b'class = commander'

	Updated file: z_Cmt132a_CrisisCombatFleet_scripted_effects.txt on b'class = admiral' (at line 106) with b'class = commander'

	Updated file: z_Cmt132a_CrisisCombatFleet_scripted_effects.txt on b'class = admiral' (at line 116) with b'class = commander'

	Updated file: z_Cmt132a_CrisisCombatFleet_scripted_effects.txt on b'class = admiral' (at line 146) with b'class = commander'

	Updated file: z_Cmt132a_CrisisCombatFleet_scripted_effects.txt on b'class = admiral' (at line 155) with b'class = commander'

	Updated file: z_Cmt132a_CrisisCombatFleet_scripted_effects.txt on b'class = admiral' (at line 312) with b'class = commander'

	WRITE FILE: b'C:\\Users\\Max\\Documents\\Paradox Interactive\\Stellaris\\mod\\CrisisManager_EndGame\\common\\scripted_effects\\z_Cmt132a_CrisisCombatFleet_scripted_effects.txt'
	Updated file: z_Cmt132b_CrisisAuxiloaryFleet_scripted_effects.txt on b'#####\tof End-Game Crises (Army, Constructor, Colonizer)\t#####' (at line 7) with b'##### Of End-Game Crises (Army, Constructor, Colonizer)\t#####'

	WRITE FILE: b'C:\\Users\\Max\\Documents\\Paradox Interactive\\Stellaris\\mod\\CrisisManager_EndGame\\common\\scripted_effects\\z_Cmt132b_CrisisAuxiloaryFleet_scripted_effects.txt'
	Updated file: z_Cmt133b_CrisisAuxiliaryShip_scripted_effects.txt on b'#####\tof End-Game Crises (Army, Constructor, Colonizer)\t#####' (at line 7) with b'##### Of End-Game Crises (Army, Constructor, Colonizer)\t#####'

	WRITE FILE: b'C:\\Users\\Max\\Documents\\Paradox Interactive\\Stellaris\\mod\\CrisisManager_EndGame\\common\\scripted_effects\\z_Cmt133b_CrisisAuxiliaryShip_scripted_effects.txt'
	Updated file: z_Cmt134_CrisisLeader_scripted_effects.txt on b'#####\tof End-Game Crises\t\t\t\t\t  #####' (at line 7) with b'##### Of End-Game Crises\t\t\t\t\t  #####'

	Updated file: z_Cmt134_CrisisLeader_scripted_effects.txt on b'# \t\t\tclass = admiral' (at line 39) with b'# \t\t\tclass = commander'

	Updated file: z_Cmt134_CrisisLeader_scripted_effects.txt on b'# \t\tclass = admiral' (at line 58) with b'# \t\tclass = commander'

	Updated file: z_Cmt134_CrisisLeader_scripted_effects.txt on b'class = admiral' (at line 70) with b'class = commander'

	Updated file: z_Cmt134_CrisisLeader_scripted_effects.txt on b'class = admiral' (at line 79) with b'class = commander'

	Updated file: z_Cmt134_CrisisLeader_scripted_effects.txt on b'class = admiral' (at line 88) with b'class = commander'

	Updated file: z_Cmt134_CrisisLeader_scripted_effects.txt on b'class = admiral' (at line 102) with b'class = commander'

	Updated file: z_Cmt134_CrisisLeader_scripted_effects.txt on b'class = admiral' (at line 111) with b'class = commander'

	Updated file: z_Cmt134_CrisisLeader_scripted_effects.txt on b'class = admiral' (at line 120) with b'class = commander'

	Updated file: z_Cmt134_CrisisLeader_scripted_effects.txt on b'class = admiral' (at line 134) with b'class = commander'

	Updated file: z_Cmt134_CrisisLeader_scripted_effects.txt on b'class = admiral' (at line 143) with b'class = commander'

	Updated file: z_Cmt134_CrisisLeader_scripted_effects.txt on b'class = admiral' (at line 152) with b'class = commander'

	Updated file: z_Cmt134_CrisisLeader_scripted_effects.txt on b'class = admiral' (at line 167) with b'class = commander'

	Updated file: z_Cmt134_CrisisLeader_scripted_effects.txt on b'class = admiral' (at line 184) with b'class = commander'

	WRITE FILE: b'C:\\Users\\Max\\Documents\\Paradox Interactive\\Stellaris\\mod\\CrisisManager_EndGame\\common\\scripted_effects\\z_Cmt134_CrisisLeader_scripted_effects.txt'
	Updated file: z_Cmt139_OtherFleet_scripted_effects.txt on b'#####\tof End-Game Crises\t\t\t   #####' (at line 8) with b'##### Of End-Game Crises\t\t\t   #####'

	WRITE FILE: b'C:\\Users\\Max\\Documents\\Paradox Interactive\\Stellaris\\mod\\CrisisManager_EndGame\\common\\scripted_effects\\z_Cmt139_OtherFleet_scripted_effects.txt'
	Updated file: Cmt12_CrisisOthers_scripted_triggers.txt on b'has_star_flag = AI_lair\t\t## Final MAchiene World, cf. planet flag = machine_lair' (at line 50) with b'has_star_flag = AI_lair\t\t## Final MAchiene World, cf. Planet flag = machine_lair'

	Updated file: Cmt12_CrisisOthers_scripted_triggers.txt on b'host_has_dlc = "Utopia"' (at line 244) with b'has_utopia = yes'

	Updated file: Cmt12_CrisisOthers_scripted_triggers.txt on b'host_has_dlc = "Utopia"' (at line 264) with b'has_utopia = yes'

	WRITE FILE: b'C:\\Users\\Max\\Documents\\Paradox Interactive\\Stellaris\\mod\\CrisisManager_EndGame\\common\\scripted_triggers\\Cmt12_CrisisOthers_scripted_triggers.txt'
	Updated file: Cmt-000_DefaultTemplate_scripted_variables.txt on b'###\t\t\tbecause these configurations modify the number of ships.' (at line 591) with b'### Because these configurations modify the number of ships.'

	WRITE FILE: b'C:\\Users\\Max\\Documents\\Paradox Interactive\\Stellaris\\mod\\CrisisManager_EndGame\\common\\scripted_variables\\Cmt-000_DefaultTemplate_scripted_variables.txt'
	Updated file: Cmt-001_PrimacyTemplate_scripted_variables.txt on b'#\tThis template can be applied automatially on game start.' (at line 10) with b'#\tthis template can be applied automatially on game start.'

	Updated file: Cmt-001_PrimacyTemplate_scripted_variables.txt on b'#\tthis template can be applied automatially on game start.' (at line 10) with b'# This template can be applied automatially on game start.'

	WRITE FILE: b'C:\\Users\\Max\\Documents\\Paradox Interactive\\Stellaris\\mod\\CrisisManager_EndGame\\common\\scripted_variables\\Cmt-001_PrimacyTemplate_scripted_variables.txt'
	Updated file: Cmt-101_Template-01_scripted_variables.txt on b"#\tthis template is listed up into the ''Other Templates''" (at line 11) with b"# This template is listed up into the ''Other Templates''"

	Updated file: Cmt-101_Template-01_scripted_variables.txt on b'### The version of Crisis Manager. this template corresponds to:' (at line 30) with b'### The version of Crisis Manager. This template corresponds to:'

	WRITE FILE: b'C:\\Users\\Max\\Documents\\Paradox Interactive\\Stellaris\\mod\\CrisisManager_EndGame\\common\\scripted_variables\\Cmt-101_Template-01_scripted_variables.txt'
	Updated file: Cmt-102_Template-02_scripted_variables.txt on b"#\tthis template is listed up into the ''Other Templates''" (at line 11) with b"# This template is listed up into the ''Other Templates''"

	Updated file: Cmt-102_Template-02_scripted_variables.txt on b'### The version of Crisis Manager. this template corresponds to:' (at line 30) with b'### The version of Crisis Manager. This template corresponds to:'

	WRITE FILE: b'C:\\Users\\Max\\Documents\\Paradox Interactive\\Stellaris\\mod\\CrisisManager_EndGame\\common\\scripted_variables\\Cmt-102_Template-02_scripted_variables.txt'
	Updated file: Cmt-103_Template-03_scripted_variables.txt on b"#\tthis template is listed up into the ''Other Templates''" (at line 11) with b"# This template is listed up into the ''Other Templates''"

	Updated file: Cmt-103_Template-03_scripted_variables.txt on b'### The version of Crisis Manager. this template corresponds to:' (at line 30) with b'### The version of Crisis Manager. This template corresponds to:'

	WRITE FILE: b'C:\\Users\\Max\\Documents\\Paradox Interactive\\Stellaris\\mod\\CrisisManager_EndGame\\common\\scripted_variables\\Cmt-103_Template-03_scripted_variables.txt'
	Updated file: Cmt-104_Template-04_scripted_variables.txt on b"#\tthis template is listed up into the ''Other Templates''" (at line 11) with b"# This template is listed up into the ''Other Templates''"

	Updated file: Cmt-104_Template-04_scripted_variables.txt on b'### The version of Crisis Manager. this template corresponds to:' (at line 30) with b'### The version of Crisis Manager. This template corresponds to:'

	WRITE FILE: b'C:\\Users\\Max\\Documents\\Paradox Interactive\\Stellaris\\mod\\CrisisManager_EndGame\\common\\scripted_variables\\Cmt-104_Template-04_scripted_variables.txt'
	Updated file: Cmt-105_Template-05_scripted_variables.txt on b"#\tthis template is listed up into the ''Other Templates''" (at line 11) with b"# This template is listed up into the ''Other Templates''"

	Updated file: Cmt-105_Template-05_scripted_variables.txt on b'### The version of Crisis Manager. this template corresponds to:' (at line 30) with b'### The version of Crisis Manager. This template corresponds to:'

	WRITE FILE: b'C:\\Users\\Max\\Documents\\Paradox Interactive\\Stellaris\\mod\\CrisisManager_EndGame\\common\\scripted_variables\\Cmt-105_Template-05_scripted_variables.txt'
	Updated file: Cmt-106_Template-06_scripted_variables.txt on b"#\tthis template is listed up into the ''Other Templates''" (at line 11) with b"# This template is listed up into the ''Other Templates''"

	Updated file: Cmt-106_Template-06_scripted_variables.txt on b'### The version of Crisis Manager. this template corresponds to:' (at line 30) with b'### The version of Crisis Manager. This template corresponds to:'

	WRITE FILE: b'C:\\Users\\Max\\Documents\\Paradox Interactive\\Stellaris\\mod\\CrisisManager_EndGame\\common\\scripted_variables\\Cmt-106_Template-06_scripted_variables.txt'
	Updated file: Cmt-107_Template-07_scripted_variables.txt on b"#\tthis template is listed up into the ''Other Templates''" (at line 11) with b"# This template is listed up into the ''Other Templates''"

	Updated file: Cmt-107_Template-07_scripted_variables.txt on b'### The version of Crisis Manager. this template corresponds to:' (at line 30) with b'### The version of Crisis Manager. This template corresponds to:'

	WRITE FILE: b'C:\\Users\\Max\\Documents\\Paradox Interactive\\Stellaris\\mod\\CrisisManager_EndGame\\common\\scripted_variables\\Cmt-107_Template-07_scripted_variables.txt'
	Updated file: Cmt-108_Template-08_scripted_variables.txt on b"#\tthis template is listed up into the ''Other Templates''" (at line 11) with b"# This template is listed up into the ''Other Templates''"

	Updated file: Cmt-108_Template-08_scripted_variables.txt on b'### The version of Crisis Manager. this template corresponds to:' (at line 30) with b'### The version of Crisis Manager. This template corresponds to:'

	WRITE FILE: b'C:\\Users\\Max\\Documents\\Paradox Interactive\\Stellaris\\mod\\CrisisManager_EndGame\\common\\scripted_variables\\Cmt-108_Template-08_scripted_variables.txt'
	Updated file: Cmt-109_Template-09_scripted_variables.txt on b"#\tthis template is listed up into the ''Other Templates''" (at line 11) with b"# This template is listed up into the ''Other Templates''"

	Updated file: Cmt-109_Template-09_scripted_variables.txt on b'### The version of Crisis Manager. this template corresponds to:' (at line 30) with b'### The version of Crisis Manager. This template corresponds to:'

	WRITE FILE: b'C:\\Users\\Max\\Documents\\Paradox Interactive\\Stellaris\\mod\\CrisisManager_EndGame\\common\\scripted_variables\\Cmt-109_Template-09_scripted_variables.txt'
	Updated file: Cmt-110_Template-10_scripted_variables.txt on b"#\tthis template is listed up into the ''Other Templates''" (at line 11) with b"# This template is listed up into the ''Other Templates''"

	Updated file: Cmt-110_Template-10_scripted_variables.txt on b'### The version of Crisis Manager. this template corresponds to:' (at line 30) with b'### The version of Crisis Manager. This template corresponds to:'

	WRITE FILE: b'C:\\Users\\Max\\Documents\\Paradox Interactive\\Stellaris\\mod\\CrisisManager_EndGame\\common\\scripted_variables\\Cmt-110_Template-10_scripted_variables.txt'
	Updated file: Cmt-111_Template-11_scripted_variables.txt on b"#\tthis template is listed up into the ''Other Templates''" (at line 11) with b"# This template is listed up into the ''Other Templates''"

	Updated file: Cmt-111_Template-11_scripted_variables.txt on b'### The version of Crisis Manager. this template corresponds to:' (at line 30) with b'### The version of Crisis Manager. This template corresponds to:'

	WRITE FILE: b'C:\\Users\\Max\\Documents\\Paradox Interactive\\Stellaris\\mod\\CrisisManager_EndGame\\common\\scripted_variables\\Cmt-111_Template-11_scripted_variables.txt'
	Updated file: Cmt-112_Template-12_scripted_variables.txt on b"#\tthis template is listed up into the ''Other Templates''" (at line 11) with b"# This template is listed up into the ''Other Templates''"

	Updated file: Cmt-112_Template-12_scripted_variables.txt on b'### The version of Crisis Manager. this template corresponds to:' (at line 30) with b'### The version of Crisis Manager. This template corresponds to:'

	WRITE FILE: b'C:\\Users\\Max\\Documents\\Paradox Interactive\\Stellaris\\mod\\CrisisManager_EndGame\\common\\scripted_variables\\Cmt-112_Template-12_scripted_variables.txt'
	Updated file: Cmt-113_Template-13_scripted_variables.txt on b"#\tthis template is listed up into the ''Other Templates''" (at line 11) with b"# This template is listed up into the ''Other Templates''"

	Updated file: Cmt-113_Template-13_scripted_variables.txt on b'### The version of Crisis Manager. this template corresponds to:' (at line 30) with b'### The version of Crisis Manager. This template corresponds to:'

	WRITE FILE: b'C:\\Users\\Max\\Documents\\Paradox Interactive\\Stellaris\\mod\\CrisisManager_EndGame\\common\\scripted_variables\\Cmt-113_Template-13_scripted_variables.txt'
	Updated file: Cmt-114_Template-14_scripted_variables.txt on b"#\tthis template is listed up into the ''Other Templates''" (at line 11) with b"# This template is listed up into the ''Other Templates''"

	Updated file: Cmt-114_Template-14_scripted_variables.txt on b'### The version of Crisis Manager. this template corresponds to:' (at line 30) with b'### The version of Crisis Manager. This template corresponds to:'

	WRITE FILE: b'C:\\Users\\Max\\Documents\\Paradox Interactive\\Stellaris\\mod\\CrisisManager_EndGame\\common\\scripted_variables\\Cmt-114_Template-14_scripted_variables.txt'
	Updated file: Cmt-115_Template-15_scripted_variables.txt on b"#\tthis template is listed up into the ''Other Templates''" (at line 11) with b"# This template is listed up into the ''Other Templates''"

	Updated file: Cmt-115_Template-15_scripted_variables.txt on b'### The version of Crisis Manager. this template corresponds to:' (at line 30) with b'### The version of Crisis Manager. This template corresponds to:'

	WRITE FILE: b'C:\\Users\\Max\\Documents\\Paradox Interactive\\Stellaris\\mod\\CrisisManager_EndGame\\common\\scripted_variables\\Cmt-115_Template-15_scripted_variables.txt'
	Updated file: Cmt-116_Template-16_scripted_variables.txt on b"#\tthis template is listed up into the ''Other Templates''" (at line 11) with b"# This template is listed up into the ''Other Templates''"

	Updated file: Cmt-116_Template-16_scripted_variables.txt on b'### The version of Crisis Manager. this template corresponds to:' (at line 30) with b'### The version of Crisis Manager. This template corresponds to:'

	WRITE FILE: b'C:\\Users\\Max\\Documents\\Paradox Interactive\\Stellaris\\mod\\CrisisManager_EndGame\\common\\scripted_variables\\Cmt-116_Template-16_scripted_variables.txt'
	Updated file: Cmt-201_TemplateSleeperInitialization_scripted_variables.txt on b'#\tThis template controls the initialization for the fleets of fallen empires.' (at line 11) with b'#\tthis template controls the initialization for the fleets of fallen empires.'

	Updated file: Cmt-201_TemplateSleeperInitialization_scripted_variables.txt on b'#\tthis template controls the initialization for the fleets of fallen empires.' (at line 11) with b'# This template controls the initialization for the fleets of fallen empires.'

	WRITE FILE: b'C:\\Users\\Max\\Documents\\Paradox Interactive\\Stellaris\\mod\\CrisisManager_EndGame\\common\\scripted_variables\\Cmt-201_TemplateSleeperInitialization_scripted_variables.txt'
	Updated file: Cmt-xxx_Unique_scripted_variables.txt on b'#\tonly if corresponding parameter is set in each template file.' (at line 14) with b'# Only if corresponding parameter is set in each template file.'

	Updated file: Cmt-xxx_Unique_scripted_variables.txt on b'#\tThis value is shared by every template.' (at line 16) with b'#\tthis value is shared by every template.'

	Updated file: Cmt-xxx_Unique_scripted_variables.txt on b'#\tthis value is shared by every template.' (at line 16) with b'# This value is shared by every template.'

	WRITE FILE: b'C:\\Users\\Max\\Documents\\Paradox Interactive\\Stellaris\\mod\\CrisisManager_EndGame\\common\\scripted_variables\\Cmt-xxx_Unique_scripted_variables.txt'
	Updated file: 0_Cmt10_crisis_initializers.txt on b'class = admiral' (at line 88) with b'class = commander'

	WRITE FILE: b'C:\\Users\\Max\\Documents\\Paradox Interactive\\Stellaris\\mod\\CrisisManager_EndGame\\common\\solar_system_initializers\\0_Cmt10_crisis_initializers.txt'
 WARNING potential outdated or removed syntax (Removed in v.3.12,): b'\tstations_produces_mult' in line 56 file Cmt103_ForcedEoc_static_modifiers.txt

 WARNING potential outdated or removed syntax (Removed in v.3.12,): b'\tstations_produces_mult' in line 64 file Cmt103_ForcedEoc_static_modifiers.txt

 WARNING potential outdated or removed syntax (Removed in v.3.12,): b'\tstations_produces_mult' in line 72 file Cmt103_ForcedEoc_static_modifiers.txt

 WARNING potential outdated or removed syntax (Removed in v.3.12,): b'\tstations_produces_mult' in line 80 file Cmt103_ForcedEoc_static_modifiers.txt

 WARNING potential outdated or removed syntax (Removed in v.3.12,): b'\tstations_produces_mult' in line 88 file Cmt103_ForcedEoc_static_modifiers.txt

 WARNING potential outdated or removed syntax (Removed in v.3.12,): b'\tstations_produces_mult' in line 96 file Cmt103_ForcedEoc_static_modifiers.txt

 WARNING potential outdated or removed syntax (Removed in v.3.12,): b'\tstations_produces_mult' in line 104 file Cmt103_ForcedEoc_static_modifiers.txt

	Updated file: 0_crisis_events_1_replace.txt on b'class = admiral' (at line 1262) with b'class = commander'

Match:
 species = { NOT = { has_trait = trait_hive_mind } }
Multiline replace:
 species = { is_hive_species = no }
	WRITE FILE: b'C:\\Users\\Max\\Documents\\Paradox Interactive\\Stellaris\\mod\\CrisisManager_EndGame\\events\\0_crisis_events_1_replace.txt'
	Updated file: 0_crisis_events_2_replace.txt on b'class = admiral' (at line 143) with b'class = commander'

	WRITE FILE: b'C:\\Users\\Max\\Documents\\Paradox Interactive\\Stellaris\\mod\\CrisisManager_EndGame\\events\\0_crisis_events_2_replace.txt'
	Updated file: 0_crisis_events_3a_replace.txt on b'controller = { is_same_value = root }' (at line 579) with b'controller = { is_same_empire = root }'

	Updated file: 0_crisis_events_3a_replace.txt on b'controller = { is_same_value = root }' (at line 604) with b'controller = { is_same_empire = root }'

	Updated file: 0_crisis_events_3a_replace.txt on b'controller = { is_same_value = root }' (at line 680) with b'controller = { is_same_empire = root }'

	Updated file: 0_crisis_events_3a_replace.txt on b'controller = { is_same_value = root }' (at line 689) with b'controller = { is_same_empire = root }'

	Updated file: 0_crisis_events_3a_replace.txt on b'controller = { is_same_value = root }' (at line 698) with b'controller = { is_same_empire = root }'

	Updated file: 0_crisis_events_3a_replace.txt on b'leader_class = admiral' (at line 936) with b'leader_class = commander'

	Updated file: 0_crisis_events_3a_replace.txt on b'leader_class = admiral' (at line 952) with b'leader_class = commander'

	Updated file: 0_crisis_events_3a_replace.txt on b'controller = { is_same_value = root }' (at line 1138) with b'controller = { is_same_empire = root }'

	Updated file: 0_crisis_events_3a_replace.txt on b'controller = { is_same_value = root }' (at line 1151) with b'controller = { is_same_empire = root }'

	Updated file: 0_crisis_events_3a_replace.txt on b'leader_class = admiral' (at line 1227) with b'leader_class = commander'

	Updated file: 0_crisis_events_3a_replace.txt on b'leader_class = admiral' (at line 1238) with b'leader_class = commander'

	Updated file: 0_crisis_events_3a_replace.txt on b'controller = { is_same_value = root }' (at line 1343) with b'controller = { is_same_empire = root }'

	Updated file: 0_crisis_events_3a_replace.txt on b'controller = { is_same_value = root }' (at line 1399) with b'controller = { is_same_empire = root }'

	WRITE FILE: b'C:\\Users\\Max\\Documents\\Paradox Interactive\\Stellaris\\mod\\CrisisManager_EndGame\\events\\0_crisis_events_3a_replace.txt'
	Updated file: 0_crisis_events_3b_replace.txt on b'limit = { is_fallen_machine_empire = yes exists = event_target:final_machine_world_player_destroyer }' (at line 468) with b'limit = { is_fallen_empire_machine = yes exists = event_target:final_machine_world_player_destroyer }'

	WRITE FILE: b'C:\\Users\\Max\\Documents\\Paradox Interactive\\Stellaris\\mod\\CrisisManager_EndGame\\events\\0_crisis_events_3b_replace.txt'
 WARNING potential outdated or removed syntax (Can be possibly replaced with 'num_sapient_pops' in v.3.10 (planet, country)): b'\t\t\t\t\t\tnum_pops' in line 261 file 0_crisis_events_4.txt

	Updated file: 0_crisis_events_4.txt on b'is_ringworld = yes' (at line 303) with b'has_ringworld_output_boost = yes'

Match:
 	every_playable_country = {
			limit = {
				NOT = { is_same_value
Multiline replace:
 	every_playable_country = {
			limit = {
				NOT = { is_same_empire
	WRITE FILE: b'C:\\Users\\Max\\Documents\\Paradox Interactive\\Stellaris\\mod\\CrisisManager_EndGame\\events\\0_crisis_events_4.txt'
 WARNING potential outdated or removed syntax (Can be possibly replaced with 'num_sapient_pops' in v.3.10 (planet, country)): b'\t\t\t\tfromfrom = { num_pops' in line 137 file CmtC10c_CrisisOngoingProcess.txt

 WARNING potential outdated or removed syntax (Can be possibly replaced with 'num_sapient_pops' in v.3.10 (planet, country)): b'\t\t\tnum_pops' in line 245 file CmtC10c_CrisisOngoingProcess.txt

	Updated file: CmtC10c_CrisisOngoingProcess.txt on b'limit = { is_ringworld = yes }' (at line 305) with b'limit = { has_ringworld_output_boost = yes }'

 WARNING potential outdated or removed syntax (Can be possibly replaced with 'num_sapient_pops' in v.3.10 (planet, country)): b'\t\t\t\tany_controlled_planet = { num_pops' in line 377 file CmtC10c_CrisisOngoingProcess.txt

 WARNING potential outdated or removed syntax (Can be possibly replaced with 'num_sapient_pops' in v.3.10 (planet, country)): b'\t\t\t\t\t\tnum_pops' in line 382 file CmtC10c_CrisisOngoingProcess.txt

	WRITE FILE: b'C:\\Users\\Max\\Documents\\Paradox Interactive\\Stellaris\\mod\\CrisisManager_EndGame\\events\\CmtC10c_CrisisOngoingProcess.txt'
Match:
 
			random_country = { limit = { is_country_type = global_event }
Multiline replace:
 
			event_target:global_event_country = {
	WRITE FILE: b'C:\\Users\\Max\\Documents\\Paradox Interactive\\Stellaris\\mod\\CrisisManager_EndGame\\events\\CmtM0_Initializing.txt'
	Updated file: CmtM1b_ConfigViewer~EndGame.txt on b'#####\tfor End-Game Crisis\t\t#####' (at line 8) with b'##### For End-Game Crisis\t\t#####'

	WRITE FILE: b'C:\\Users\\Max\\Documents\\Paradox Interactive\\Stellaris\\mod\\CrisisManager_EndGame\\events\\CmtM1b_ConfigViewer~EndGame.txt'
	Updated file: CmtM1c_ConfigViewer~Sleeper.txt on b'#####\tfor Awakening of Fallen Empires\t\t#####' (at line 8) with b'##### For Awakening of Fallen Empires\t\t#####'

	WRITE FILE: b'C:\\Users\\Max\\Documents\\Paradox Interactive\\Stellaris\\mod\\CrisisManager_EndGame\\events\\CmtM1c_ConfigViewer~Sleeper.txt'
	Updated file: CmtM1d_ConfigViewer~MidGame.txt on b'#####\tfor Mid-Game Crisis\t\t#####' (at line 8) with b'##### For Mid-Game Crisis\t\t#####'

	WRITE FILE: b'C:\\Users\\Max\\Documents\\Paradox Interactive\\Stellaris\\mod\\CrisisManager_EndGame\\events\\CmtM1d_ConfigViewer~MidGame.txt'
	Updated file: CmtM1e_ConfigViewer~CrisisPower.txt on b'#####\tfor Crisis Power\t\t#####' (at line 8) with b'##### For Crisis Power\t\t#####'

	WRITE FILE: b'C:\\Users\\Max\\Documents\\Paradox Interactive\\Stellaris\\mod\\CrisisManager_EndGame\\events\\CmtM1e_ConfigViewer~CrisisPower.txt'
	Updated file: CmtM4b_AdvancedSettings~EndGame.txt on b'#####\tfor End-Game Crisis\t\t\t#####' (at line 8) with b'##### For End-Game Crisis\t\t\t#####'

	WRITE FILE: b'C:\\Users\\Max\\Documents\\Paradox Interactive\\Stellaris\\mod\\CrisisManager_EndGame\\events\\CmtM4b_AdvancedSettings~EndGame.txt'
	Updated file: CmtM4c_AdvancedSettings~Sleeper.txt on b'#####\tfor Awakening of Fallen Empires\t\t#####' (at line 8) with b'##### For Awakening of Fallen Empires\t\t#####'

	WRITE FILE: b'C:\\Users\\Max\\Documents\\Paradox Interactive\\Stellaris\\mod\\CrisisManager_EndGame\\events\\CmtM4c_AdvancedSettings~Sleeper.txt'
	Updated file: CmtM4d_AdvancedSettings~MidGame.txt on b'#####\tfor Mid-Game Crisis\t\t\t#####' (at line 8) with b'##### For Mid-Game Crisis\t\t\t#####'

	WRITE FILE: b'C:\\Users\\Max\\Documents\\Paradox Interactive\\Stellaris\\mod\\CrisisManager_EndGame\\events\\CmtM4d_AdvancedSettings~MidGame.txt'
	Updated file: CmtM7_ManualOperation.txt on b'#\t\thas_synthethic_dawn = yes' (at line 373) with b'#\t\thost_has_dlc = "Synthetic Dawn Story Pack"'

	Updated file: CmtM7_ManualOperation.txt on b'#\t\thas_synthethic_dawn = yes' (at line 383) with b'#\t\thost_has_dlc = "Synthetic Dawn Story Pack"'

	WRITE FILE: b'C:\\Users\\Max\\Documents\\Paradox Interactive\\Stellaris\\mod\\CrisisManager_EndGame\\events\\CmtM7_ManualOperation.txt'
	Updated file: z_CmtMenu_dummies.txt on b'namespace = CrisisManagerControl # not really needed but to omit error.log' (at line 1) with b'namespace = CrisisManagerControl # Not really needed but to omit error.log'

	WRITE FILE: b'C:\\Users\\Max\\Documents\\Paradox Interactive\\Stellaris\\mod\\CrisisManager_EndGame\\events\\z_CmtMenu_dummies.txt'
	Updated file: Cmt-001_PrimacyTemplate_scripted_variables.txt on b'#\tthis template can be applied automatially on game start.' (at line 11) with b'# This template can be applied automatially on game start.'

	Updated file: Cmt-001_PrimacyTemplate_scripted_variables.txt on b'### The version of Crisis Manager. this template corresponds to:' (at line 34) with b'### The version of Crisis Manager. This template corresponds to:'

	WRITE FILE: b'C:\\Users\\Max\\Documents\\Paradox Interactive\\Stellaris\\mod\\CrisisManager_EndGame\\For_User_Template\\common\\scripted_variables\\Cmt-001_PrimacyTemplate_scripted_variables.txt'
	Updated file: Cmt-101_Template-01_scripted_variables.txt on b"#\tthis template is listed up into the ''Other Templates''" (at line 11) with b"# This template is listed up into the ''Other Templates''"

	Updated file: Cmt-101_Template-01_scripted_variables.txt on b'### The version of Crisis Manager. this template corresponds to:' (at line 30) with b'### The version of Crisis Manager. This template corresponds to:'

	WRITE FILE: b'C:\\Users\\Max\\Documents\\Paradox Interactive\\Stellaris\\mod\\CrisisManager_EndGame\\For_User_Template\\common\\scripted_variables\\Cmt-101_Template-01_scripted_variables.txt'
	Updated file: Cmt-102_Template-02_scripted_variables.txt on b"#\tthis template is listed up into the ''Other Templates''" (at line 11) with b"# This template is listed up into the ''Other Templates''"

	Updated file: Cmt-102_Template-02_scripted_variables.txt on b'### The version of Crisis Manager. this template corresponds to:' (at line 30) with b'### The version of Crisis Manager. This template corresponds to:'

	WRITE FILE: b'C:\\Users\\Max\\Documents\\Paradox Interactive\\Stellaris\\mod\\CrisisManager_EndGame\\For_User_Template\\common\\scripted_variables\\Cmt-102_Template-02_scripted_variables.txt'
	Updated file: Cmt-103_Template-03_scripted_variables.txt on b"#\tthis template is listed up into the ''Other Templates''" (at line 11) with b"# This template is listed up into the ''Other Templates''"

	Updated file: Cmt-103_Template-03_scripted_variables.txt on b'### The version of Crisis Manager. this template corresponds to:' (at line 30) with b'### The version of Crisis Manager. This template corresponds to:'

	WRITE FILE: b'C:\\Users\\Max\\Documents\\Paradox Interactive\\Stellaris\\mod\\CrisisManager_EndGame\\For_User_Template\\common\\scripted_variables\\Cmt-103_Template-03_scripted_variables.txt'
	Updated file: Cmt-104_Template-04_scripted_variables.txt on b"#\tthis template is listed up into the ''Other Templates''" (at line 11) with b"# This template is listed up into the ''Other Templates''"

	Updated file: Cmt-104_Template-04_scripted_variables.txt on b'### The version of Crisis Manager. this template corresponds to:' (at line 30) with b'### The version of Crisis Manager. This template corresponds to:'

	WRITE FILE: b'C:\\Users\\Max\\Documents\\Paradox Interactive\\Stellaris\\mod\\CrisisManager_EndGame\\For_User_Template\\common\\scripted_variables\\Cmt-104_Template-04_scripted_variables.txt'
	Updated file: Cmt-105_Template-05_scripted_variables.txt on b"#\tthis template is listed up into the ''Other Templates''" (at line 11) with b"# This template is listed up into the ''Other Templates''"

	Updated file: Cmt-105_Template-05_scripted_variables.txt on b'### The version of Crisis Manager. this template corresponds to:' (at line 30) with b'### The version of Crisis Manager. This template corresponds to:'

	WRITE FILE: b'C:\\Users\\Max\\Documents\\Paradox Interactive\\Stellaris\\mod\\CrisisManager_EndGame\\For_User_Template\\common\\scripted_variables\\Cmt-105_Template-05_scripted_variables.txt'
	Updated file: Cmt-106_Template-06_scripted_variables.txt on b"#\tthis template is listed up into the ''Other Templates''" (at line 11) with b"# This template is listed up into the ''Other Templates''"

	Updated file: Cmt-106_Template-06_scripted_variables.txt on b'### The version of Crisis Manager. this template corresponds to:' (at line 30) with b'### The version of Crisis Manager. This template corresponds to:'

	WRITE FILE: b'C:\\Users\\Max\\Documents\\Paradox Interactive\\Stellaris\\mod\\CrisisManager_EndGame\\For_User_Template\\common\\scripted_variables\\Cmt-106_Template-06_scripted_variables.txt'
	Updated file: Cmt-107_Template-07_scripted_variables.txt on b"#\tthis template is listed up into the ''Other Templates''" (at line 11) with b"# This template is listed up into the ''Other Templates''"

	Updated file: Cmt-107_Template-07_scripted_variables.txt on b'### The version of Crisis Manager. this template corresponds to:' (at line 30) with b'### The version of Crisis Manager. This template corresponds to:'

	WRITE FILE: b'C:\\Users\\Max\\Documents\\Paradox Interactive\\Stellaris\\mod\\CrisisManager_EndGame\\For_User_Template\\common\\scripted_variables\\Cmt-107_Template-07_scripted_variables.txt'
	Updated file: Cmt-108_Template-08_scripted_variables.txt on b"#\tthis template is listed up into the ''Other Templates''" (at line 11) with b"# This template is listed up into the ''Other Templates''"

	Updated file: Cmt-108_Template-08_scripted_variables.txt on b'### The version of Crisis Manager. this template corresponds to:' (at line 30) with b'### The version of Crisis Manager. This template corresponds to:'

	WRITE FILE: b'C:\\Users\\Max\\Documents\\Paradox Interactive\\Stellaris\\mod\\CrisisManager_EndGame\\For_User_Template\\common\\scripted_variables\\Cmt-108_Template-08_scripted_variables.txt'
	Updated file: Cmt-109_Template-09_scripted_variables.txt on b"#\tthis template is listed up into the ''Other Templates''" (at line 11) with b"# This template is listed up into the ''Other Templates''"

	Updated file: Cmt-109_Template-09_scripted_variables.txt on b'### The version of Crisis Manager. this template corresponds to:' (at line 30) with b'### The version of Crisis Manager. This template corresponds to:'

	WRITE FILE: b'C:\\Users\\Max\\Documents\\Paradox Interactive\\Stellaris\\mod\\CrisisManager_EndGame\\For_User_Template\\common\\scripted_variables\\Cmt-109_Template-09_scripted_variables.txt'
	Updated file: Cmt-110_Template-10_scripted_variables.txt on b"#\tthis template is listed up into the ''Other Templates''" (at line 11) with b"# This template is listed up into the ''Other Templates''"

	Updated file: Cmt-110_Template-10_scripted_variables.txt on b'### The version of Crisis Manager. this template corresponds to:' (at line 30) with b'### The version of Crisis Manager. This template corresponds to:'

	WRITE FILE: b'C:\\Users\\Max\\Documents\\Paradox Interactive\\Stellaris\\mod\\CrisisManager_EndGame\\For_User_Template\\common\\scripted_variables\\Cmt-110_Template-10_scripted_variables.txt'
	Updated file: Cmt-111_Template-11_scripted_variables.txt on b"#\tthis template is listed up into the ''Other Templates''" (at line 11) with b"# This template is listed up into the ''Other Templates''"

	Updated file: Cmt-111_Template-11_scripted_variables.txt on b'### The version of Crisis Manager. this template corresponds to:' (at line 30) with b'### The version of Crisis Manager. This template corresponds to:'

	WRITE FILE: b'C:\\Users\\Max\\Documents\\Paradox Interactive\\Stellaris\\mod\\CrisisManager_EndGame\\For_User_Template\\common\\scripted_variables\\Cmt-111_Template-11_scripted_variables.txt'
	Updated file: Cmt-112_Template-12_scripted_variables.txt on b"#\tthis template is listed up into the ''Other Templates''" (at line 11) with b"# This template is listed up into the ''Other Templates''"

	Updated file: Cmt-112_Template-12_scripted_variables.txt on b'### The version of Crisis Manager. this template corresponds to:' (at line 30) with b'### The version of Crisis Manager. This template corresponds to:'

	WRITE FILE: b'C:\\Users\\Max\\Documents\\Paradox Interactive\\Stellaris\\mod\\CrisisManager_EndGame\\For_User_Template\\common\\scripted_variables\\Cmt-112_Template-12_scripted_variables.txt'
	Updated file: Cmt-113_Template-13_scripted_variables.txt on b"#\tthis template is listed up into the ''Other Templates''" (at line 11) with b"# This template is listed up into the ''Other Templates''"

	Updated file: Cmt-113_Template-13_scripted_variables.txt on b'### The version of Crisis Manager. this template corresponds to:' (at line 30) with b'### The version of Crisis Manager. This template corresponds to:'

	WRITE FILE: b'C:\\Users\\Max\\Documents\\Paradox Interactive\\Stellaris\\mod\\CrisisManager_EndGame\\For_User_Template\\common\\scripted_variables\\Cmt-113_Template-13_scripted_variables.txt'
	Updated file: Cmt-114_Template-14_scripted_variables.txt on b"#\tthis template is listed up into the ''Other Templates''" (at line 11) with b"# This template is listed up into the ''Other Templates''"

	Updated file: Cmt-114_Template-14_scripted_variables.txt on b'### The version of Crisis Manager. this template corresponds to:' (at line 30) with b'### The version of Crisis Manager. This template corresponds to:'

	WRITE FILE: b'C:\\Users\\Max\\Documents\\Paradox Interactive\\Stellaris\\mod\\CrisisManager_EndGame\\For_User_Template\\common\\scripted_variables\\Cmt-114_Template-14_scripted_variables.txt'
	Updated file: Cmt-115_Template-15_scripted_variables.txt on b"#\tthis template is listed up into the ''Other Templates''" (at line 11) with b"# This template is listed up into the ''Other Templates''"

	Updated file: Cmt-115_Template-15_scripted_variables.txt on b'### The version of Crisis Manager. this template corresponds to:' (at line 30) with b'### The version of Crisis Manager. This template corresponds to:'

	WRITE FILE: b'C:\\Users\\Max\\Documents\\Paradox Interactive\\Stellaris\\mod\\CrisisManager_EndGame\\For_User_Template\\common\\scripted_variables\\Cmt-115_Template-15_scripted_variables.txt'
	Updated file: Cmt-116_Template-16_scripted_variables.txt on b"#\tthis template is listed up into the ''Other Templates''" (at line 11) with b"# This template is listed up into the ''Other Templates''"

	Updated file: Cmt-116_Template-16_scripted_variables.txt on b'### The version of Crisis Manager. this template corresponds to:' (at line 30) with b'### The version of Crisis Manager. This template corresponds to:'

	WRITE FILE: b'C:\\Users\\Max\\Documents\\Paradox Interactive\\Stellaris\\mod\\CrisisManager_EndGame\\For_User_Template\\common\\scripted_variables\\Cmt-116_Template-16_scripted_variables.txt'
	Updated file: Cmt-201_TemplateSleeperInitialization_scripted_variables.txt on b'#\tThis template controls the initialization for the fleets of fallen empires.' (at line 11) with b'#\tthis template controls the initialization for the fleets of fallen empires.'

	Updated file: Cmt-201_TemplateSleeperInitialization_scripted_variables.txt on b'#\tthis template controls the initialization for the fleets of fallen empires.' (at line 11) with b'# This template controls the initialization for the fleets of fallen empires.'

	WRITE FILE: b'C:\\Users\\Max\\Documents\\Paradox Interactive\\Stellaris\\mod\\CrisisManager_EndGame\\For_User_Template\\common\\scripted_variables\\Cmt-201_TemplateSleeperInitialization_scripted_variables.txt'
	Updated file: Cmt-xxx_Unique_scripted_variables.txt on b'#\tonly if corresponding parameter is set in each template file.' (at line 14) with b'# Only if corresponding parameter is set in each template file.'

	Updated file: Cmt-xxx_Unique_scripted_variables.txt on b'#\tThis value is shared by every template.' (at line 16) with b'#\tthis value is shared by every template.'

	Updated file: Cmt-xxx_Unique_scripted_variables.txt on b'#\tthis value is shared by every template.' (at line 16) with b'# This value is shared by every template.'

	WRITE FILE: b'C:\\Users\\Max\\Documents\\Paradox Interactive\\Stellaris\\mod\\CrisisManager_EndGame\\For_User_Template\\common\\scripted_variables\\Cmt-xxx_Unique_scripted_variables.txt'
	Updated file: Read_me_for_making_template.txt on b'#\tthis description' (at line 20) with b'# This description'

	WRITE FILE: b'C:\\Users\\Max\\Documents\\Paradox Interactive\\Stellaris\\mod\\CrisisManager_EndGame\\For_User_Template\\Read_me_for_making_template.txt'
\nMain Version = 3.12 (version_len = 4)
b'Crisis Manager - End-Game Edition (3.9.\xc2\xa2)' version 3.9.2.0 on 'descriptor.mod' updated to 3.12.3!

Done! b'C:/Users/Max/Documents/Paradox Interactive/Stellaris/mod/CrisisManager_EndGame'
